--- Terminal on /dev/ttyUSB1 | 9600 8-N-1
--- Available filters and text transformations: colorize, debug, default, direct, hexlify, log2file, nocontrol, printable, send_on_enter, time
--- More details at https://bit.ly/pio-monitor-filters
--- Quit: Ctrl+C | Menu: Ctrl+T | Help: Ctrl+T followed by Ctrl+H
654,34.8,43.0,0
655,34.8,43.0,0
656,34.6,43.0,0
657,34.6,44.0,0
658,34.6,48.0,0
659,34.5,49.0,0
660,34.5,50.0,0
661,34.4,50.0,0
662,34.3,50.0,0
663,34.3,50.0,0
664,34.3,50.0,0
665,34.2,50.0,0
666,34.1,50.0,0
667,34.1,50.0,0
668,34.1,50.0,0
669,34.1,50.0,0
670,34.1,50.0,0
671,34.1,50.0,0
672,34.1,50.0,0
673,34.1,50.0,0
674,34.1,50.0,0
675,34.3,50.0,0
676,34.8,50.0,0
677,35.2,50.0,0
678,35.5,50.0,0
679,35.7,50.0,0
680,35.9,50.0,0
681,36.0,50.0,0
682,36.1,50.0,0
683,36.1,50.0,0
684,36.3,50.0,0
685,38.2,50.0,0
686,40.1,50.0,0
687,40.9,50.0,0
688,41.3,50.0,0
689,41.5,50.0,0
690,41.5,50.0,0
691,41.5,50.0,0
692,41.5,50.0,0
693,41.4,50.0,0
694,41.3,50.0,0
695,41.3,50.0,0
696,41.2,50.0,0
697,41.1,50.0,0
698,41.0,50.0,0
699,40.9,50.0,0
700,40.8,50.0,0
701,40.7,50.0,0
702,40.6,50.0,0
703,40.5,50.0,0
704,40.4,50.0,0
705,40.3,50.0,0
706,40.2,50.0,0
707,40.1,50.0,0
t,temp,setpoint,fan
#SCENARIO,P_CONS,Kp=5.0f,Ki=0.0f,Kd=0.0f
0,39.9,30.0,49
1,39.8,30.0,49
2,39.7,30.0,48
3,39.6,30.0,48
4,39.5,30.0,47
5,39.2,30.0,46
6,39.0,30.0,45
7,38.7,30.0,43
8,38.5,30.0,42
9,38.1,30.0,40
10,37.9,30.0,39
11,37.7,30.0,38
12,37.5,30.0,37
13,37.3,30.0,36
14,37.0,30.0,35
15,36.8,30.0,34
16,36.6,30.0,33
17,36.5,30.0,32
18,36.3,30.0,31
19,36.0,30.0,30
20,35.9,30.0,29
21,35.7,30.0,28
22,35.6,30.0,28
23,35.5,30.0,27
24,35.3,30.0,26
25,35.2,30.0,26
26,35.0,30.0,25
27,34.9,30.0,24
28,34.8,30.0,24
29,34.7,30.0,23
30,34.6,30.0,23
31,34.5,30.0,22
32,34.4,30.0,22
33,34.3,30.0,21
34,34.2,30.0,21
35,34.1,30.0,20
36,34.0,30.0,20
37,33.9,30.0,19
38,33.8,30.0,19
39,33.8,30.0,19
40,33.6,30.0,18
41,33.6,30.0,18
42,33.5,30.0,17
43,33.4,30.0,17
44,33.3,30.0,16
45,33.3,30.0,16
46,33.2,30.0,16
47,33.1,30.0,15
48,33.1,30.0,15
49,33.0,30.0,15
50,33.0,30.0,15
51,32.9,30.0,14
52,32.8,30.0,14
53,32.8,30.0,14
54,32.7,30.0,13
55,32.6,30.0,13
56,32.6,30.0,13
57,32.5,30.0,12
58,32.5,30.0,12
59,32.5,30.0,12
60,32.4,30.0,12
61,32.3,30.0,11
62,32.3,30.0,11
63,32.3,30.0,11
64,32.2,30.0,11
65,32.2,30.0,11
66,32.1,30.0,10
67,32.1,30.0,10
68,32.1,30.0,10
69,32.0,30.0,10
70,32.0,30.0,10
71,32.0,30.0,10
72,31.9,30.0,9
73,31.9,30.0,9
74,31.8,30.0,9
75,31.8,30.0,9
76,31.8,30.0,9
77,31.8,30.0,9
78,31.8,30.0,9
79,31.7,30.0,8
80,31.6,30.0,8
81,31.6,30.0,8
82,31.6,30.0,8
83,31.6,30.0,8
84,31.6,30.0,8
85,31.6,30.0,8
86,31.5,30.0,7
87,31.5,30.0,7
88,31.5,30.0,7
89,31.5,30.0,7
90,31.4,30.0,7
91,31.4,30.0,7
92,31.4,30.0,7
93,31.3,30.0,6
94,31.3,30.0,6
95,31.3,30.0,6
96,31.3,30.0,6
97,31.3,30.0,6
98,31.3,30.0,6
99,31.2,30.0,6
100,31.2,30.0,6
101,31.2,30.0,6
102,31.2,30.0,6
103,31.1,30.0,5
104,31.1,30.0,5
105,31.1,30.0,5
106,31.1,30.0,5
107,31.1,30.0,5
108,31.1,30.0,5
109,31.1,30.0,5
110,31.1,30.0,5
111,31.0,30.0,5
112,31.0,30.0,5
113,31.0,30.0,5
114,31.0,30.0,5
115,31.0,30.0,5
116,31.0,30.0,5
117,31.0,30.0,5
118,31.0,30.0,5
119,30.9,30.0,4
120,30.9,30.0,4
121,30.9,30.0,4
122,30.9,30.0,4
123,30.8,30.0,4
124,30.8,30.0,4
125,30.8,30.0,4
126,30.8,30.0,4
127,30.8,30.0,4
128,30.8,30.0,4
129,30.8,30.0,4
130,30.8,30.0,4
131,30.7,30.0,3
132,30.7,30.0,3
133,30.7,30.0,3
134,30.7,30.0,3
135,30.6,30.0,3
136,30.7,30.0,3
137,30.6,30.0,3
138,30.6,30.0,3
139,30.6,30.0,3
140,30.6,30.0,3
141,30.6,30.0,3
142,30.6,30.0,3
143,30.6,30.0,3
144,30.6,30.0,3
145,30.6,30.0,3
146,30.6,30.0,3
147,30.6,30.0,3
148,30.5,30.0,2
149,30.5,30.0,2
150,30.6,30.0,3
151,30.5,30.0,2
152,30.5,30.0,2
153,30.5,30.0,2
154,30.5,30.0,2
155,30.5,30.0,2
156,30.5,30.0,2
157,30.5,30.0,2
158,30.5,30.0,2
159,30.5,30.0,2
160,30.4,30.0,2
161,30.4,30.0,2
162,30.4,30.0,2
163,30.4,30.0,2
164,30.4,30.0,2
165,30.4,30.0,2
166,30.4,30.0,2
167,30.4,30.0,2
168,30.3,30.0,1
169,30.4,30.0,2
170,30.3,30.0,1
171,30.3,30.0,1
172,30.3,30.0,1
173,30.3,30.0,1
174,30.3,30.0,1
175,30.3,30.0,1
176,30.3,30.0,1
177,30.3,30.0,1
178,30.3,30.0,1
179,30.3,30.0,1
180,30.3,30.0,1
181,30.3,30.0,1
182,30.3,30.0,1
183,30.3,30.0,1
184,30.2,30.0,1
185,30.2,30.0,1
186,30.2,30.0,1
187,30.2,30.0,1
188,30.2,30.0,1
189,30.2,30.0,1
190,30.1,30.0,0
191,30.1,30.0,0
192,30.1,30.0,0
193,30.1,30.0,0
194,30.1,30.0,0
195,30.1,30.0,0
196,30.1,30.0,0
197,30.1,30.0,0
198,30.1,30.0,0
199,30.0,30.0,0
200,30.1,30.0,0
201,30.1,30.0,0
202,30.1,30.0,0
203,30.0,30.0,0
204,30.0,30.0,0
205,30.0,30.0,0
206,30.0,30.0,0
207,30.0,30.0,0
208,30.0,30.0,0
209,30.0,30.0,0
210,30.0,30.0,0
211,30.0,30.0,0
212,30.0,30.0,0
213,30.0,30.0,0
214,30.0,30.0,0
215,30.0,30.0,0
216,29.9,30.0,0
217,30.0,30.0,0
218,29.9,30.0,0
219,30.0,30.0,0
220,29.9,30.0,0
221,29.9,30.0,0
222,29.9,30.0,0
223,29.9,30.0,0
224,29.9,30.0,0
225,29.9,30.0,0
226,29.9,30.0,0
227,29.9,30.0,0
228,29.8,30.0,0
229,29.8,30.0,0
230,29.8,30.0,0
231,29.8,30.0,0
232,29.8,30.0,0
233,29.8,30.0,0
234,29.8,30.0,0
235,29.8,30.0,0
236,29.8,30.0,0
237,29.8,30.0,0
238,29.8,30.0,0
239,29.8,30.0,0
240,29.8,30.0,0
241,29.8,30.0,0
242,29.8,30.0,0
243,29.8,30.0,0
244,29.8,30.0,0
245,29.8,30.0,0
246,29.8,30.0,0
247,29.7,30.0,0
248,29.7,30.0,0
249,29.8,30.0,0
250,29.7,30.0,0
251,29.7,30.0,0
252,29.7,30.0,0
253,29.7,30.0,0
254,29.7,30.0,0
255,29.6,30.0,0
256,29.7,30.0,0
257,29.6,30.0,0
258,29.6,30.0,0
259,29.6,30.0,0
260,29.6,30.0,0
261,29.6,30.0,0
262,29.6,30.0,0
263,29.6,30.0,0
264,29.6,30.0,0
265,29.6,30.0,0
