--- Terminal on /dev/ttyUSB1 | 9600 8-N-1
--- Available filters and text transformations: colorize, debug, default, direct, hexlify, log2file, nocontrol, printable, send_on_enter, time
--- More details at https://bit.ly/pio-monitor-filters
--- Quit: Ctrl+C | Menu: Ctrl+T | Help: Ctrl+T followed by Ctrl+H
50,29.0,30.0,0
51,29.0,30.0,0
52,29.0,30.0,0
53,29.0,30.0,0
54,29.0,30.0,0
55,29.0,30.0,0
56,29.0,30.0,0
57,29.0,30.0,0
58,29.0,30.0,0
59,29.0,30.0,0
60,29.0,30.0,0
61,29.0,30.0,0
62,29.0,30.0,0
63,29.0,30.0,0
64,30.3,30.0,7
65,32.5,30.0,51
66,34.8,30.0,96
67,36.1,30.0,100
68,36.7,30.0,100
69,37.0,31.0,100
70,37.0,31.0,100
71,36.9,31.0,100
72,36.8,33.0,76
73,36.6,38.0,0
74,36.4,41.0,0
75,36.2,41.0,0
76,36.1,42.0,0
77,36.0,45.0,0
78,35.8,48.0,0
79,35.8,50.0,0
80,35.7,50.0,0
81,35.6,50.0,0
82,35.6,50.0,0
83,35.6,50.0,0
84,35.9,50.0,0
85,36.6,50.0,0
86,37.6,50.0,0
87,38.2,50.0,0
88,38.6,50.0,0
89,38.8,50.0,0
90,39.1,50.0,0
91,39.2,50.0,0
92,39.3,50.0,0
93,39.4,50.0,0
94,39.5,50.0,0
95,39.5,50.0,0
96,39.8,50.0,0
97,40.0,50.0,0
98,40.1,50.0,0
99,40.2,50.0,0
100,40.2,50.0,0
101,40.2,50.0,0
102,40.3,50.0,0
103,40.2,50.0,0
104,40.2,50.0,0
105,40.2,50.0,0
106,40.1,50.0,0
107,40.1,50.0,0
108,40.1,50.0,0
109,40.0,50.0,0
t,temp,setpoint,fan
#SCENARIO,P_AGGR,Kp=20.0f,Ki=0.0f,Kd=0.0f
0,39.9,30.0,100
1,39.8,30.0,100
2,39.8,30.0,100
3,39.6,30.0,100
4,39.5,30.0,100
5,39.1,30.0,100
6,38.8,30.0,100
7,38.5,30.0,100
8,38.2,30.0,100
9,37.9,30.0,100
10,37.6,30.0,100
11,37.3,30.0,100
12,37.0,30.0,100
13,36.8,30.0,100
14,36.5,30.0,100
15,36.3,30.0,100
16,36.0,30.0,100
17,35.8,30.0,100
18,35.5,30.0,100
19,35.3,30.0,100
20,35.1,30.0,100
21,35.0,30.0,100
22,34.8,30.0,96
23,34.5,30.0,91
24,34.3,30.0,87
25,34.1,30.0,83
26,34.0,30.0,81
27,33.8,30.0,77
28,33.6,30.0,73
29,33.5,30.0,71
30,33.3,30.0,67
31,33.3,30.0,66
32,33.1,30.0,62
33,33.0,30.0,60
34,32.9,30.0,58
35,32.7,30.0,55
36,32.6,30.0,53
37,32.5,30.0,51
38,32.4,30.0,48
39,32.3,30.0,47
40,32.2,30.0,45
41,32.1,30.0,42
42,32.1,30.0,42
43,32.0,30.0,40
44,31.9,30.0,38
45,31.8,30.0,36
46,31.7,30.0,35
47,31.6,30.0,33
48,31.6,30.0,32
49,31.5,30.0,30
50,31.5,30.0,30
51,31.4,30.0,28
52,31.3,30.0,26
53,31.2,30.0,25
54,31.2,30.0,25
55,31.1,30.0,22
56,31.1,30.0,22
57,31.0,30.0,21
58,31.0,30.0,20
59,31.0,30.0,20
60,30.9,30.0,18
61,30.8,30.0,17
62,30.8,30.0,17
63,30.8,30.0,16
64,30.8,30.0,16
65,30.7,30.0,15
66,30.6,30.0,13
67,30.6,30.0,12
68,30.6,30.0,12
69,30.6,30.0,12
70,30.5,30.0,11
71,30.5,30.0,11
72,30.5,30.0,11
73,30.5,30.0,10
74,30.4,30.0,8
75,30.4,30.0,8
76,30.4,30.0,8
77,30.3,30.0,7
78,30.4,30.0,8
79,30.3,30.0,7
80,30.3,30.0,7
81,30.3,30.0,7
82,30.3,30.0,6
83,30.3,30.0,6
84,30.3,30.0,6
85,30.3,30.0,6
86,30.3,30.0,6
87,30.2,30.0,5
88,30.2,30.0,5
89,30.2,30.0,5
90,30.2,30.0,5
91,30.2,30.0,5
92,30.2,30.0,5
93,30.2,30.0,5
94,30.1,30.0,3
95,30.1,30.0,3
96,30.1,30.0,3
97,30.1,30.0,3
98,30.1,30.0,3
99,30.1,30.0,3
100,30.1,30.0,3
101,30.1,30.0,2
102,30.1,30.0,2
103,30.1,30.0,2
104,30.1,30.0,2
105,30.1,30.0,2
106,30.1,30.0,2
107,30.1,30.0,2
108,30.0,30.0,1
109,30.1,30.0,2
110,30.0,30.0,1
111,30.0,30.0,1
112,30.0,30.0,1
113,30.0,30.0,1
114,30.0,30.0,1
115,30.0,30.0,1
116,30.0,30.0,1
117,30.0,30.0,0
118,30.0,30.0,0
119,30.0,30.0,0
120,30.0,30.0,0
121,30.0,30.0,0
122,30.0,30.0,0
123,30.0,30.0,0
124,30.0,30.0,0
125,29.9,30.0,0
126,30.0,30.0,0
127,29.9,30.0,0
128,29.9,30.0,0
129,29.9,30.0,0
130,29.9,30.0,0
131,29.9,30.0,0
132,29.8,30.0,0
133,29.8,30.0,0
134,29.8,30.0,0
135,29.8,30.0,0
136,29.8,30.0,0
137,29.8,30.0,0
138,29.8,30.0,0
139,29.8,30.0,0
140,29.8,30.0,0
141,29.8,30.0,0
142,29.8,30.0,0
143,29.8,30.0,0
144,29.8,30.0,0
145,29.8,30.0,0
146,29.7,30.0,0
147,29.7,30.0,0
148,29.7,30.0,0
149,29.7,30.0,0
150,29.7,30.0,0
151,29.7,30.0,0
152,29.7,30.0,0
153,29.7,30.0,0
154,29.6,30.0,0
155,29.6,30.0,0
156,29.7,30.0,0
157,29.6,30.0,0
158,29.6,30.0,0
159,29.6,30.0,0
160,29.6,30.0,0
161,29.6,30.0,0
162,29.6,30.0,0
163,29.6,30.0,0
164,29.6,30.0,0
165,29.6,30.0,0
166,29.6,30.0,0
167,29.6,30.0,0
168,29.6,30.0,0
169,29.6,30.0,0
170,29.6,30.0,0
171,29.6,30.0,0
172,29.5,30.0,0
173,29.6,30.0,0
174,29.6,30.0,0
175,29.6,30.0,0
176,29.6,30.0,0
177,29.5,30.0,0
178,29.5,30.0,0
179,29.5,30.0,0
180,29.5,30.0,0
181,29.5,30.0,0
182,29.5,30.0,0
183,29.5,30.0,0
184,29.5,30.0,0
185,29.5,30.0,0
186,29.5,30.0,0
187,29.5,30.0,0
188,29.5,30.0,0
189,29.5,30.0,0
190,29.5,30.0,0
191,29.5,30.0,0
192,29.5,30.0,0
193,29.5,30.0,0
194,29.5,30.0,0
195,29.5,30.0,0
196,29.4,30.0,0
197,29.4,30.0,0
198,29.5,30.0,0
199,29.4,30.0,0
200,29.4,30.0,0
201,29.4,30.0,0
202,29.4,30.0,0
203,29.4,30.0,0
204,29.4,30.0,0
205,29.4,30.0,0
206,29.4,30.0,0
207,29.4,30.0,0
208,29.4,30.0,0
209,29.4,30.0,0
210,29.3,30.0,0
211,29.4,30.0,0
212,29.4,30.0,0
213,29.4,30.0,0
214,29.3,30.0,0
215,29.4,30.0,0
216,29.3,30.0,0
