--- Terminal on /dev/ttyUSB1 | 9600 8-N-1
--- Available filters and text transformations: colorize, debug, default, direct, hexlify, log2file, nocontrol, printable, send_on_enter, time
--- More details at https://bit.ly/pio-monitor-filters
--- Quit: Ctrl+C | Menu: Ctrl+T | Help: Ctrl+T followed by Ctrl+H
26,29.1,30.0,0
27,29.1,30.0,0
28,29.1,30.0,0
29,29.1,30.0,0
30,29.1,30.0,0
31,29.1,30.0,0
32,29.1,30.0,0
33,29.1,30.0,0
34,29.1,30.0,0
35,29.1,30.0,0
36,29.1,33.0,0
37,29.1,38.0,0
38,29.1,38.0,0
39,29.1,40.0,0
40,29.1,43.0,0
41,29.1,47.0,0
42,29.1,50.0,0
43,29.1,50.0,0
44,29.1,50.0,0
45,29.1,50.0,0
46,29.1,50.0,0
47,29.1,50.0,0
48,29.1,50.0,0
49,29.1,50.0,0
50,30.0,50.0,0
51,32.2,50.0,0
52,35.6,50.0,0
53,39.4,50.0,0
54,41.8,50.0,0
55,43.0,50.0,0
56,43.5,50.0,0
57,43.8,50.0,0
58,43.9,50.0,0
59,43.9,50.0,0
60,43.9,50.0,0
61,43.8,50.0,0
62,43.6,50.0,0
63,43.5,50.0,0
64,43.4,50.0,0
65,43.3,50.0,0
66,43.1,50.0,0
67,43.0,50.0,0
68,42.8,50.0,0
69,42.6,50.0,0
70,42.5,50.0,0
71,42.3,50.0,0
72,42.1,50.0,0
73,42.0,50.0,0
74,41.9,50.0,0
75,41.8,50.0,0
76,41.6,50.0,0
77,41.5,50.0,0
78,41.4,50.0,0
79,41.2,50.0,0
80,41.1,50.0,0
81,41.0,50.0,0
82,40.8,50.0,0
83,40.7,50.0,0
84,40.6,50.0,0
85,40.5,50.0,0
86,40.4,50.0,0
87,40.3,50.0,0
88,40.1,50.0,0
89,40.0,50.0,0
t,temp,setpoint,fan
#SCENARIO,PI_BEST,Kp=12.0f,Ki=0.2f,Kd=0.0f
0,39.8,30.0,100
1,39.7,30.0,100
2,39.6,30.0,100
3,39.4,30.0,100
4,39.1,30.0,100
5,38.9,30.0,100
6,38.5,30.0,100
7,38.2,30.0,100
8,37.8,30.0,97
9,37.5,30.0,95
10,37.2,30.0,93
11,36.9,30.0,90
12,36.6,30.0,88
13,36.3,30.0,86
14,36.1,30.0,84
15,35.8,30.0,83
16,35.6,30.0,81
17,35.4,30.0,80
18,35.1,30.0,78
19,35.0,30.0,76
20,34.8,30.0,75
21,34.6,30.0,74
22,34.5,30.0,73
23,34.3,30.0,72
24,34.1,30.0,70
25,34.0,30.0,70
26,33.8,30.0,68
27,33.6,30.0,67
28,33.5,30.0,67
29,33.3,30.0,65
30,33.3,30.0,65
31,33.1,30.0,63
32,33.0,30.0,62
33,32.8,30.0,61
34,32.8,30.0,61
35,32.6,30.0,60
36,32.5,30.0,59
37,32.4,30.0,58
38,32.3,30.0,57
39,32.2,30.0,57
40,32.1,30.0,57
41,32.1,30.0,56
42,32.0,30.0,55
43,31.8,30.0,54
44,31.8,30.0,54
45,31.7,30.0,53
46,31.6,30.0,53
47,31.5,30.0,52
48,31.5,30.0,51
49,31.4,30.0,51
50,31.3,30.0,50
51,31.2,30.0,49
52,31.1,30.0,49
53,31.1,30.0,48
54,31.0,30.0,47
55,31.0,30.0,47
56,30.9,30.0,46
57,30.8,30.0,46
58,30.8,30.0,45
59,30.7,30.0,45
60,30.6,30.0,44
61,30.6,30.0,43
62,30.5,30.0,43
63,30.5,30.0,43
64,30.5,30.0,42
65,30.4,30.0,42
66,30.3,30.0,41
67,30.3,30.0,40
68,30.3,30.0,40
69,30.2,30.0,40
70,30.1,30.0,39
71,30.1,30.0,38
72,30.1,30.0,38
73,30.0,30.0,37
74,30.0,30.0,37
75,30.0,30.0,0
76,29.9,30.0,0
77,29.9,30.0,0
78,29.8,30.0,0
79,29.8,30.0,0
80,29.8,30.0,0
81,29.8,30.0,0
82,29.8,30.0,0
83,29.8,30.0,0
84,29.8,30.0,0
85,29.8,30.0,0
86,29.8,30.0,0
87,29.8,30.0,0
88,29.8,30.0,0
89,29.8,30.0,0
90,29.8,30.0,0
91,29.8,30.0,0
92,29.8,30.0,0
93,29.8,30.0,0
94,29.8,30.0,0
95,29.8,30.0,0
96,29.8,30.0,0
97,29.8,30.0,0
98,29.8,30.0,0
99,29.7,30.0,0
100,29.7,30.0,0
101,29.7,30.0,0
102,29.8,30.0,0
103,29.8,30.0,0
104,29.7,30.0,0
105,29.7,30.0,0
106,29.7,30.0,0
107,29.7,30.0,0
108,29.7,30.0,0
109,29.7,30.0,0
110,29.7,30.0,0
111,29.7,30.0,0
112,29.6,30.0,0
113,29.7,30.0,0
114,29.6,30.0,0
115,29.6,30.0,0
116,29.6,30.0,0
117,29.6,30.0,0
118,29.6,30.0,0
119,29.6,30.0,0
120,29.6,30.0,0
121,29.6,30.0,0
122,29.6,30.0,0
123,29.6,30.0,0
124,29.6,30.0,0
125,29.6,30.0,0
126,29.6,30.0,0
127,29.6,30.0,0
128,29.6,30.0,0
129,29.6,30.0,0
130,29.6,30.0,0
131,29.6,30.0,0
132,29.6,30.0,0
133,29.6,30.0,0
134,29.6,30.0,0
135,29.6,30.0,0
136,29.5,30.0,0
137,29.6,30.0,0
138,29.5,30.0,0
139,29.5,30.0,0
140,29.6,30.0,0
141,29.5,30.0,0
142,29.6,30.0,0
143,29.5,30.0,0
144,29.5,30.0,0
145,29.5,30.0,0
146,29.5,30.0,0
147,29.5,30.0,0
148,29.5,30.0,0
149,29.5,30.0,0
150,29.5,30.0,0
151,29.5,30.0,0
152,29.5,30.0,0
153,29.5,30.0,0
154,29.5,30.0,0
155,29.5,30.0,0
156,29.5,30.0,0
157,29.5,30.0,0
158,29.5,30.0,0
159,29.5,30.0,0
160,29.5,30.0,0
161,29.4,30.0,0
162,29.4,30.0,0
163,29.4,30.0,0
164,29.5,30.0,0
165,29.4,30.0,0
166,29.4,30.0,0
167,29.4,30.0,0
168,29.4,30.0,0
169,29.4,30.0,0
170,29.4,30.0,0
171,29.3,30.0,0
172,29.4,30.0,0
173,29.4,30.0,0
174,29.4,30.0,0
175,29.4,30.0,0
176,29.3,30.0,0
177,29.4,30.0,0
178,29.3,30.0,0
179,29.3,30.0,0
180,29.3,30.0,0
181,29.3,30.0,0
182,29.3,30.0,0
183,29.3,30.0,0
184,29.3,30.0,0
185,29.3,30.0,0
186,29.3,30.0,0
187,29.3,30.0,0
188,29.3,30.0,0
189,29.3,30.0,0
190,29.3,30.0,0
191,29.3,30.0,0
192,29.3,30.0,0
193,29.3,30.0,0
194,29.3,30.0,0
195,29.3,30.0,0
196,29.3,30.0,0
197,29.3,30.0,0
198,29.3,30.0,0
199,29.3,30.0,0
200,29.3,30.0,0
201,29.3,30.0,0
202,29.3,30.0,0
203,29.3,30.0,0
204,29.3,30.0,0
205,29.3,30.0,0
206,29.3,30.0,0
207,29.2,30.0,0
208,29.3,30.0,0
209,29.2,30.0,0
210,29.2,30.0,0
211,29.2,30.0,0
212,29.2,30.0,0
213,29.2,30.0,0
214,29.2,30.0,0
215,29.2,30.0,0
216,29.2,30.0,0
217,29.2,30.0,0
218,29.2,30.0,0
219,29.2,30.0,0
220,29.2,30.0,0
221,29.1,30.0,0
222,29.1,30.0,0
223,29.1,30.0,0
224,29.1,30.0,0
225,29.1,30.0,0
226,29.1,30.0,0
227,29.1,30.0,0
228,29.2,30.0,0
229,29.1,30.0,0
230,29.1,30.0,0
231,29.1,30.0,0
232,29.1,30.0,0
233,29.1,30.0,0
234,29.1,30.0,0
235,29.1,30.0,0
236,29.1,30.0,0
237,29.1,30.0,0
238,29.1,30.0,0
239,29.1,30.0,0
240,29.1,30.0,0
241,29.1,30.0,0
242,29.1,30.0,0
243,29.1,30.0,0
244,29.1,30.0,0
245,29.1,30.0,0
246,29.1,30.0,0
247,29.1,30.0,0
248,29.1,30.0,0
249,29.1,30.0,0
250,29.1,30.0,0
251,29.1,30.0,0
252,29.1,30.0,0
253,29.1,30.0,0
254,29.1,30.0,0
255,29.1,30.0,0
256,29.1,30.0,0
257,29.1,30.0,0
258,29.1,30.0,0
259,29.1,30.0,0
260,29.1,30.0,0
261,29.1,30.0,0
262,29.1,30.0,0
263,29.1,30.0,0
264,29.1,30.0,0
265,29.1,30.0,0
266,29.1,30.0,0
267,29.1,30.0,0
268,29.1,30.0,0
269,29.1,30.0,0
270,29.1,30.0,0
271,29.1,30.0,0
272,29.1,30.0,0
273,29.0,30.0,0
274,29.1,30.0,0
275,29.0,30.0,0
276,29.1,30.0,0
277,29.1,30.0,0
278,29.1,30.0,0
279,29.1,30.0,0
280,29.1,30.0,0
281,29.0,30.0,0
282,29.1,30.0,0
283,29.0,30.0,0
284,29.0,30.0,0
285,29.0,30.0,0
286,29.0,30.0,0
287,29.0,30.0,0
288,29.0,30.0,0
289,29.0,30.0,0
290,29.0,30.0,0
291,29.0,30.0,0
292,29.0,30.0,0
293,29.0,30.0,0
294,29.0,30.0,0
295,29.0,30.0,0
296,29.0,30.0,0
297,29.0,30.0,0
298,29.0,30.0,0
299,29.0,30.0,0
300,29.0,30.0,0
