--- Terminal on /dev/ttyUSB1 | 9600 8-N-1
--- Available filters and text transformations: colorize, debug, default, direct, hexlify, log2file, nocontrol, printable, send_on_enter, time
--- More details at https://bit.ly/pio-monitor-filters
--- Quit: Ctrl+C | Menu: Ctrl+T | Help: Ctrl+T followed by Ctrl+H
212,29.6,30.0,0
213,29.6,30.0,0
214,29.6,30.0,0
215,29.6,30.0,0
216,29.6,30.0,0
217,29.5,30.0,0
218,29.5,30.0,0
219,30.0,30.0,7
220,31.0,31.0,0
221,31.8,35.0,0
222,32.4,39.0,0
223,32.8,42.0,0
224,33.1,45.0,0
225,33.1,47.0,0
226,33.3,49.0,0
227,33.2,50.0,0
228,33.2,50.0,0
229,33.1,50.0,0
230,33.1,50.0,0
231,33.0,50.0,0
232,33.0,50.0,0
233,34.2,50.0,0
234,36.1,50.0,0
235,37.4,50.0,0
236,38.1,50.0,0
237,38.4,50.0,0
238,38.6,50.0,0
239,38.6,50.0,0
240,38.5,50.0,0
241,38.5,50.0,0
242,38.3,50.0,0
243,38.1,50.0,0
244,37.9,50.0,0
245,37.7,50.0,0
246,37.5,50.0,0
247,37.3,50.0,0
248,37.1,50.0,0
249,37.0,50.0,0
250,36.8,50.0,0
251,37.6,50.0,0
252,38.8,50.0,0
253,39.5,50.0,0
254,39.8,50.0,0
255,40.0,50.0,0
256,40.0,50.0,0
257,39.9,50.0,0
t,temp,setpoint,fan
#SCENARIO,PID_FULL,Kp=12.0f,Ki=0.1f,Kd=50.0f
0,39.6,30.0,100
1,39.5,30.0,100
2,39.3,30.0,100
3,39.1,30.0,100
4,38.8,30.0,97
5,38.4,30.0,90
6,38.0,30.0,83
7,37.6,30.0,78
8,37.1,30.0,72
9,36.8,30.0,69
10,36.5,30.0,67
11,36.2,30.0,64
12,35.9,30.0,61
13,35.6,30.0,60
14,35.4,30.0,58
15,35.1,30.0,56
16,35.0,30.0,56
17,34.8,30.0,55
18,34.5,30.0,52
19,34.3,30.0,51
20,34.1,30.0,50
21,34.0,30.0,50
22,33.8,30.0,48
23,33.7,30.0,48
24,33.6,30.0,47
25,33.4,30.0,45
26,33.3,30.0,44
27,33.1,30.0,44
28,33.1,30.0,44
29,33.0,30.0,43
30,32.8,30.0,42
31,32.7,30.0,41
32,32.6,30.0,41
33,32.6,30.0,41
34,32.5,30.0,39
35,32.4,30.0,39
36,32.3,30.0,38
37,32.2,30.0,38
38,32.1,30.0,38
39,32.1,30.0,37
40,32.0,30.0,37
41,32.0,30.0,37
42,31.8,30.0,34
43,31.8,30.0,34
44,31.7,30.0,34
45,31.6,30.0,33
46,31.6,30.0,35
47,31.5,30.0,32
48,31.5,30.0,32
49,31.5,30.0,33
50,31.3,30.0,30
51,31.3,30.0,30
52,31.3,30.0,31
53,31.2,30.0,30
54,31.1,30.0,29
55,31.1,30.0,30
56,31.1,30.0,29
57,31.0,30.0,29
58,31.0,30.0,29
59,31.0,30.0,28
60,30.9,30.0,27
61,30.9,30.0,28
62,30.8,30.0,27
63,30.8,30.0,28
64,30.8,30.0,27
65,30.8,30.0,27
66,30.7,30.0,26
67,30.6,30.0,25
68,30.6,30.0,26
69,30.6,30.0,25
70,30.6,30.0,25
71,30.6,30.0,26
72,30.5,30.0,25
73,30.5,30.0,23
74,30.5,30.0,24
75,30.5,30.0,25
76,30.4,30.0,23
77,30.4,30.0,24
78,30.3,30.0,23
79,30.3,30.0,23
80,30.3,30.0,24
81,30.3,30.0,22
82,30.3,30.0,23
83,30.2,30.0,21
84,30.2,30.0,22
85,30.1,30.0,20
86,30.2,30.0,23
87,30.1,30.0,21
88,30.1,30.0,22
89,30.1,30.0,20
90,30.1,30.0,21
91,30.1,30.0,21
92,30.1,30.0,21
93,30.0,30.0,20
94,30.0,30.0,20
95,30.0,30.0,20
96,30.0,30.0,20
97,30.0,30.0,0
98,30.0,30.0,0
99,30.0,30.0,0
100,30.0,30.0,0
101,29.9,30.0,0
102,29.9,30.0,0
103,30.0,30.0,0
104,29.9,30.0,0
105,30.0,30.0,0
106,29.9,30.0,0
107,29.9,30.0,0
108,29.9,30.0,0
109,29.9,30.0,0
110,29.9,30.0,0
111,29.9,30.0,0
112,29.9,30.0,0
113,29.9,30.0,0
114,29.9,30.0,0
115,29.9,30.0,0
116,29.9,30.0,0
117,29.9,30.0,0
118,29.8,30.0,0
119,29.8,30.0,0
120,29.9,30.0,0
121,29.9,30.0,0
122,29.8,30.0,0
123,29.8,30.0,0
124,29.8,30.0,0
125,29.8,30.0,0
126,29.8,30.0,0
127,29.8,30.0,0
128,29.8,30.0,0
129,29.8,30.0,0
130,29.8,30.0,0
131,29.8,30.0,0
132,29.8,30.0,0
133,29.8,30.0,0
134,29.8,30.0,0
135,29.8,30.0,0
136,29.8,30.0,0
137,29.8,30.0,0
138,29.8,30.0,0
139,29.8,30.0,0
140,29.8,30.0,0
141,29.8,30.0,0
142,29.7,30.0,0
143,29.7,30.0,0
144,29.7,30.0,0
145,29.7,30.0,0
146,29.7,30.0,0
147,29.7,30.0,0
148,29.6,30.0,0
149,29.7,30.0,0
150,29.7,30.0,0
151,29.7,30.0,0
152,29.7,30.0,0
153,29.7,30.0,0
154,29.7,30.0,0
155,29.6,30.0,0
156,29.6,30.0,0
157,29.7,30.0,0
158,29.6,30.0,0
159,29.7,30.0,0
160,29.7,30.0,0
161,29.6,30.0,0
162,29.7,30.0,0
163,29.7,30.0,0
164,29.7,30.0,0
165,29.7,30.0,0
166,29.7,30.0,0
167,29.6,30.0,0
168,29.7,30.0,0
169,29.6,30.0,0
170,29.7,30.0,0
171,29.6,30.0,0
172,29.7,30.0,0
173,29.6,30.0,0
174,29.7,30.0,0
175,29.7,30.0,0
176,29.6,30.0,0
177,29.6,30.0,0
178,29.6,30.0,0
179,29.6,30.0,0
180,29.6,30.0,0
181,29.6,30.0,0
182,29.6,30.0,0
183,29.6,30.0,0
184,29.6,30.0,0
185,29.6,30.0,0
186,29.6,30.0,0
187,29.6,30.0,0
188,29.6,30.0,0
189,29.6,30.0,0
190,29.6,30.0,0
191,29.6,30.0,0
192,29.6,30.0,0
193,29.6,30.0,0
194,29.6,30.0,0
195,29.6,30.0,0
196,29.6,30.0,0
197,29.6,30.0,0
198,29.6,30.0,0
199,29.6,30.0,0
200,29.6,30.0,0
201,29.6,30.0,0
202,29.6,30.0,0
203,29.6,30.0,0
204,29.6,30.0,0
205,29.6,30.0,0
206,29.6,30.0,0
207,29.6,30.0,0
208,29.6,30.0,0
209,29.5,30.0,0
210,29.6,30.0,0
211,29.5,30.0,0
212,29.6,30.0,0
213,29.6,30.0,0
214,29.6,30.0,0
215,29.5,30.0,0
216,29.6,30.0,0
217,29.5,30.0,0
218,29.5,30.0,0
219,29.5,30.0,0
220,29.5,30.0,0
221,29.5,30.0,0
222,29.5,30.0,0
223,29.5,30.0,0
224,29.5,30.0,0
225,29.5,30.0,0
226,29.5,30.0,0
227,29.5,30.0,0
228,29.5,30.0,0
229,29.5,30.0,0
230,29.5,30.0,0
231,29.5,30.0,0
232,29.5,30.0,0
233,29.5,30.0,0
234,29.5,30.0,0
235,29.5,30.0,0
236,29.5,30.0,0
237,29.5,30.0,0
238,29.5,30.0,0
239,29.5,30.0,0
240,29.5,30.0,0
241,29.5,30.0,0
242,29.5,30.0,0
243,29.5,30.0,0
244,29.5,30.0,0
