--- Terminal on /dev/ttyUSB1 | 9600 8-N-1
--- Available filters and text transformations: colorize, debug, default, direct, hexlify, log2file, nocontrol, printable, send_on_enter, time
--- More details at https://bit.ly/pio-monitor-filters
--- Quit: Ctrl+C | Menu: Ctrl+T | Help: Ctrl+T followed by Ctrl+H
232,29.2,30.0,0
233,29.2,30.0,0846,29.0,30.0,0
847,28.9,30.0,0
848,29.0,30.0,0
849,28.9,30.0,0
850,28.9,30.0,0
851,28.9,30.0,0
852,28.9,30.0,0
853,28.9,30.0,0
854,28.8,30.0,0
855,28.9,31.0,0
856,28.9,35.0,0
857,28.9,38.0,0
858,28.9,39.0,0
859,28.9,41.0,0
860,28.9,42.0,0
861,28.9,45.0,0
862,28.9,49.0,0
863,28.9,50.0,0
864,28.9,50.0,0
865,28.9,50.0,0
866,28.9,50.0,0
867,28.9,50.0,0
868,29.0,50.0,0
869,29.3,50.0,0
870,32.8,50.0,0
871,37.1,50.0,0
872,38.7,50.0,0
873,38.8,50.0,0
874,39.5,50.0,0
875,39.7,50.0,0
876,39.8,50.0,0
877,39.7,50.0,0
878,39.5,50.0,0
879,39.6,50.0,0
880,39.6,50.0,0
881,39.5,50.0,0
882,39.9,50.0,0
883,40.2,50.0,0
t,temp,setpoint,fan
#SCENARIO,PID_FULL,Kp=12.0f,Ki=0.1f,Kd=50.0f
0,40.2,30.0,100
1,40.1,30.0,100
2,39.9,30.0,100
3,39.6,30.0,100
4,39.3,30.0,100
5,38.8,30.0,93
6,38.4,30.0,86
7,38.0,30.0,80
8,37.5,30.0,74
9,37.1,30.0,71
10,36.8,30.0,67
11,36.4,30.0,63
12,36.1,30.0,61
13,35.8,30.0,59
14,35.5,30.0,58
15,35.2,30.0,54
16,35.0,30.0,55
17,34.8,30.0,52
18,34.6,30.0,52
19,34.3,30.0,49
20,34.1,30.0,48
21,34.0,30.0,47
22,33.8,30.0,47
23,33.6,30.0,45
24,33.5,30.0,45
25,33.3,30.0,43
26,33.2,30.0,43
27,33.1,30.0,42
28,33.0,30.0,41
29,32.8,30.0,40
30,32.8,30.0,41
31,32.6,30.0,39
32,32.5,30.0,38
33,32.5,30.0,38
34,32.3,30.0,37
35,32.3,30.0,37
36,32.1,30.0,35
37,32.1,30.0,35
38,32.0,30.0,34
39,31.9,30.0,34
40,31.8,30.0,33
41,31.7,30.0,31
42,31.6,30.0,31
43,31.6,30.0,31
44,31.5,30.0,31
45,31.5,30.0,30
46,31.4,30.0,30
47,31.3,30.0,29
48,31.3,30.0,29
49,31.2,30.0,28
50,31.1,30.0,28
51,31.1,30.0,27
52,31.0,30.0,26
53,31.0,30.0,26
54,31.0,30.0,27
55,30.9,30.0,26
56,30.8,30.0,25
57,30.8,30.0,24
58,30.8,30.0,25
59,30.7,30.0,24
60,30.6,30.0,23
61,30.6,30.0,22
62,30.6,30.0,23
63,30.5,30.0,22
64,30.5,30.0,23
65,30.5,30.0,22
66,30.5,30.0,22
67,30.4,30.0,21
68,30.4,30.0,22
69,30.3,30.0,20
70,30.3,30.0,21
71,30.3,30.0,20
72,30.3,30.0,20
73,30.2,30.0,19
74,30.2,30.0,20
75,30.2,30.0,20
76,30.1,30.0,19
77,30.1,30.0,19
78,30.1,30.0,20
79,30.1,30.0,18
80,30.1,30.0,19
81,30.1,30.0,19
82,30.0,30.0,17
83,30.0,30.0,18
84,30.0,30.0,0
85,30.0,30.0,0
86,29.9,30.0,0
87,30.0,30.0,0
88,29.9,30.0,0
89,29.9,30.0,0
90,29.9,30.0,0
91,29.9,30.0,0
92,29.9,30.0,0
93,29.9,30.0,0
94,29.8,30.0,0
95,29.9,30.0,0
96,29.9,30.0,0
97,29.8,30.0,0
98,29.8,30.0,0
99,29.8,30.0,0
100,29.8,30.0,0
101,29.8,30.0,0
102,29.8,30.0,0
103,29.8,30.0,0
104,29.8,30.0,0
105,29.8,30.0,0
106,29.8,30.0,0
107,29.8,30.0,0
108,29.8,30.0,0
109,29.8,30.0,0
110,29.8,30.0,0
111,29.8,30.0,0
112,29.8,30.0,0
113,29.7,30.0,0
114,29.7,30.0,0
115,29.7,30.0,0
116,29.7,30.0,0
117,29.7,30.0,0
118,29.7,30.0,0
119,29.7,30.0,0
120,29.7,30.0,0
121,29.7,30.0,0
122,29.6,30.0,0
123,29.6,30.0,0
124,29.6,30.0,0
125,29.6,30.0,0
126,29.7,30.0,0
127,29.6,30.0,0
128,29.6,30.0,0
129,29.6,30.0,0
130,29.6,30.0,0
131,29.6,30.0,0
132,29.6,30.0,0
133,29.6,30.0,0
134,29.6,30.0,0
135,29.6,30.0,0
136,29.6,30.0,0
137,29.6,30.0,0
138,29.6,30.0,0
139,29.6,30.0,0
140,29.6,30.0,0
141,29.6,30.0,0
142,29.6,30.0,0
143,29.6,30.0,0
144,29.6,30.0,0
145,29.6,30.0,0
146,29.6,30.0,0
147,29.6,30.0,0
148,29.6,30.0,0
149,29.6,30.0,0
150,29.6,30.0,0
151,29.6,30.0,0
152,29.5,30.0,0
153,29.5,30.0,0
154,29.5,30.0,0
155,29.5,30.0,0
156,29.5,30.0,0
157,29.5,30.0,0
158,29.5,30.0,0
159,29.5,30.0,0
160,29.5,30.0,0
161,29.5,30.0,0
162,29.5,30.0,0
163,29.5,30.0,0
164,29.5,30.0,0
165,29.5,30.0,0
166,29.5,30.0,0
167,29.5,30.0,0
168,29.5,30.0,0
169,29.5,30.0,0
170,29.5,30.0,0
171,29.4,30.0,0
172,29.5,30.0,0
173,29.4,30.0,0
174,29.5,30.0,0
175,29.4,30.0,0
176,29.4,30.0,0
177,29.4,30.0,0
178,29.5,30.0,0
179,29.4,30.0,0
180,29.4,30.0,0
181,29.4,30.0,0
182,29.5,30.0,0
183,29.4,30.0,0
184,29.4,30.0,0
185,29.4,30.0,0
186,29.4,30.0,0
187,29.4,30.0,0
188,29.4,30.0,0
189,29.4,30.0,0
190,29.4,30.0,0
191,29.4,30.0,0
192,29.4,30.0,0
193,29.4,30.0,0
194,29.4,30.0,0
195,29.4,30.0,0
196,29.4,30.0,0
197,29.4,30.0,0
198,29.4,30.0,0
199,29.3,30.0,0
200,29.3,30.0,0
201,29.3,30.0,0
202,29.3,30.0,0
203,29.3,30.0,0
204,29.3,30.0,0
205,29.3,30.0,0
206,29.3,30.0,0
207,29.3,30.0,0
208,29.3,30.0,0
209,29.3,30.0,0
210,29.3,30.0,0
211,29.3,30.0,0
212,29.3,30.0,0
213,29.3,30.0,0
214,29.3,30.0,0
215,29.3,30.0,0
216,29.3,30.0,0
217,29.3,30.0,0
218,29.3,30.0,0
219,29.3,30.0,0
220,29.3,30.0,0
221,29.3,30.0,0
222,29.3,30.0,0
223,29.3,30.0,0
224,29.3,30.0,0
225,29.3,30.0,0
226,29.3,30.0,0
227,29.3,30.0,0
228,29.3,30.0,0
229,29.3,30.0,0
