1037,28.1,30.0,0
>temp:28.1
>setpoint:30.0
>fan:0
1038,28.1,30.0,0
>temp:28.1
>setpoint:30.0
>fan:0
1039,28.1,30.0,0
>temp:28.1
>setpoint:30.0
>fan:0
1040,28.1,30.0,0
>temp:28.1
>setpoint:30.0
>fan:0
1041,28.1,30.0,0
>temp:28.1
>setpoint:30.0
>fan:0
1042,28.1,30.0,0
>temp:28.1
>setpoint:30.0
>fan:0
1043,28.1,30.0,0
>temp:28.1
>setpoint:30.0
>fan:0
1044,28.1,30.0,0
>temp:28.1
>setpoint:30.0
>fan:0
1045,28.1,30.0,0
>temp:28.1
>setpoint:30.0
>fan:0
1046,28.1,30.0,0
>temp:28.1
>setpoint:30.0
>fan:0
1047,28.1,30.0,0
>temp:28.1
>setpoint:30.0
>fan:0
1048,28.1,30.0,0
>temp:28.1
>setpoint:30.0
>fan:0
1049,28.1,30.0,0
>temp:28.1
>setpoint:30.0
>fan:0
1050,28.1,30.0,0
>temp:28.1
>setpoint:30.0
>fan:0
1051,28.1,30.0,0
>temp:28.1
>setpoint:30.0
>fan:0
1052,28.1,30.0,0
>temp:28.1
>setpoint:30.0
>fan:0
1053,28.1,30.0,0
>temp:28.1
>setpoint:30.0
>fan:0
1054,28.1,30.0,0
>temp:28.1
>setpoint:30.0
>fan:0
1055,28.1,30.0,0
>temp:28.1
>setpoint:30.0
>fan:0
1056,28.1,30.0,0
>temp:28.1
>setpoint:30.0
>fan:0
1057,28.1,30.0,0
>temp:28.1
>setpoint:30.0
>fan:0
1058,28.1,30.0,0
>temp:28.1
>setpoint:30.0
>fan:0
1059,28.1,30.0,0
>temp:28.1
>setpoint:30.0
>fan:0
1060,28.1,30.0,0
>temp:28.1
>setpoint:30.0
>fan:0
1061,28.1,30.0,0
>temp:28.1
>setpoint:30.0
>fan:0
1062,28.1,30.0,0
>temp:28.1
>setpoint:30.0
>fan:0
1063,28.1,30.0,0
>temp:28.1
>setpoint:30.0
>fan:0
1064,28.1,30.0,0
>temp:28.1
>setpoint:30.0
>fan:0
1065,28.1,30.0,0
>temp:28.1
>setpoint:30.0
>fan:0
1066,28.1,30.0,0
>temp:28.1
>setpoint:30.0
>fan:0
1067,28.1,30.0,0
>temp:28.1
>setpoint:30.0
>fan:0
1068,28.1,30.0,0
>temp:28.1
>setpoint:30.0
>fan:0
1069,28.1,30.0,0
>temp:28.1
>setpoint:30.0
>fan:0
1070,28.1,30.0,0
>temp:28.1
>setpoint:30.0
>fan:0
1071,28.1,30.0,0
>temp:28.1
>setpoint:30.0
>fan:0
1072,28.1,30.0,0
>temp:28.1
>setpoint:30.0
>fan:0
1073,28.1,30.0,0
>temp:28.1
>setpoint:30.0
>fan:0
1074,28.1,30.0,0
>temp:28.1
>setpoint:30.0
>fan:0
1075,28.1,30.0,0
>temp:28.1
>setpoint:30.0
>fan:0
1076,28.1,30.0,0
>temp:28.1
>setpoint:30.0
>fan:0
1077,28.1,30.0,0
>temp:28.1
>setpoint:30.0
>fan:0
1078,28.1,30.0,0
>temp:28.1
>setpoint:30.0
>fan:0
1079,28.1,30.0,0
>temp:28.1
>setpoint:30.0
>fan:0
1080,28.1,30.0,0
>temp:28.1
>setpoint:30.0
>fan:0
1081,28.1,30.0,0
>temp:28.1
>setpoint:30.0
>fan:0
1082,28.1,30.0,0
>temp:28.1
>setpoint:30.0
>fan:0
1083,28.1,30.0,0
>temp:28.1
>setpoint:30.0
>fan:0
1084,28.1,30.0,0
>temp:28.1
>setpoint:30.0
>fan:0
1085,28.1,30.0,0
>temp:28.1
>setpoint:30.0
>fan:0
1086,28.1,30.0,0
>temp:28.1
>setpoint:30.0
>fan:0
1087,28.1,30.0,0
>temp:28.1
>setpoint:30.0
>fan:0
1088,28.1,30.0,0
>temp:28.1
>setpoint:30.0
>fan:0
1089,28.1,30.0,0
>temp:28.1
>setpoint:30.0
>fan:0
1090,28.1,30.0,0
>temp:28.1
>setpoint:30.0
>fan:0
1091,28.1,30.0,0
>temp:28.1
>setpoint:30.0
>fan:0
1092,28.1,30.0,0
>temp:28.1
>setpoint:30.0
>fan:0
1093,28.1,30.0,0
>temp:28.1
>setpoint:30.0
>fan:0
1094,28.1,30.0,0
>temp:28.1
>setpoint:30.0
>fan:0
1095,28.1,30.0,0
>temp:28.1
>setpoint:30.0
>fan:0
1096,28.1,30.0,0
>temp:28.1
>setpoint:30.0
>fan:0
1097,28.1,30.0,0
>temp:28.1
>setpoint:30.0
>fan:0
1098,28.1,30.0,0
>temp:28.1
>setpoint:30.0
>fan:0
1099,28.1,30.0,0
>temp:28.1
>setpoint:30.0
>fan:0
1100,28.1,30.0,0
>temp:28.1
>setpoint:30.0
>fan:0
1101,28.3,30.0,0
>temp:28.3
>setpoint:30.0
>fan:0
1102,31.4,30.0,65
>temp:31.4
>setpoint:30.0
>fan:65
1103,35.1,30.0,100
>temp:35.1
>setpoint:30.0
>fan:100
1104,37.0,30.0,100
>temp:37.0
>setpoint:30.0
>fan:100
1105,38.0,30.0,100
>temp:38.0
>setpoint:30.0
>fan:100
1106,38.5,30.0,100
>temp:38.5
>setpoint:30.0
>fan:100
1107,38.8,30.0,100
>temp:38.8
>setpoint:30.0
>fan:100
1108,38.8,30.0,100
>temp:38.8
>setpoint:30.0
>fan:100
1109,38.8,30.0,100
>temp:38.8
>setpoint:30.0
>fan:100
1110,38.7,30.0,100
>temp:38.7
>setpoint:30.0
>fan:100
1111,38.6,30.0,100
>temp:38.6
>setpoint:30.0
>fan:100
1112,38.4,30.0,100
>temp:38.4
>setpoint:30.0
>fan:100
1113,38.2,30.0,99
>temp:38.2
>setpoint:30.0
>fan:99
1114,38.0,30.0,95
>temp:38.0
>setpoint:30.0
>fan:95
1115,37.8,30.0,92
>temp:37.8
>setpoint:30.0
>fan:92
1116,37.6,30.0,89
>temp:37.6
>setpoint:30.0
>fan:89
1117,37.5,30.0,86
>temp:37.5
>setpoint:30.0
>fan:86
1118,37.2,30.0,82
>temp:37.2
>setpoint:30.0
>fan:82
1119,37.0,30.0,81
>temp:37.0
>setpoint:30.0
>fan:81
1120,36.8,30.0,79
>temp:36.8
>setpoint:30.0
>fan:79
1121,36.6,30.0,77
>temp:36.6
>setpoint:30.0
>fan:77
1122,36.5,30.0,76
>temp:36.5
>setpoint:30.0
>fan:76
1123,36.3,30.0,74
>temp:36.3
>setpoint:30.0
>fan:74
1124,36.1,30.0,72
>temp:36.1
>setpoint:30.0
>fan:72
1125,35.9,30.0,71
>temp:35.9
>setpoint:30.0
>fan:71
1126,35.8,30.0,71
>temp:35.8
>setpoint:30.0
>fan:71
1127,35.5,30.0,67
>temp:35.5
>setpoint:30.0
>fan:67
1128,35.3,30.0,65
>temp:35.3
>setpoint:30.0
>fan:65
1129,35.1,30.0,64
>temp:35.1
>setpoint:30.0
>fan:64
1130,35.0,30.0,62
>temp:35.0
>setpoint:30.0
>fan:62
1131,34.8,30.0,62
>temp:34.8
>setpoint:30.0
>fan:62
1132,34.6,30.0,60
>temp:34.6
>setpoint:30.0
>fan:60
1133,34.5,30.0,60
>temp:34.5
>setpoint:30.0
>fan:60
1134,34.3,30.0,57
>temp:34.3
>setpoint:30.0
>fan:57
1135,34.2,30.0,57
>temp:34.2
>setpoint:30.0
>fan:57
1136,34.1,30.0,56
>temp:34.1
>setpoint:30.0
>fan:56
1137,34.0,30.0,56
>temp:34.0
>setpoint:30.0
>fan:56
1138,33.8,30.0,55
>temp:33.8
>setpoint:30.0
>fan:55
1139,33.7,30.0,54
>temp:33.7
>setpoint:30.0
>fan:54
1140,33.6,30.0,53
>temp:33.6
>setpoint:30.0
>fan:53
1141,33.5,30.0,52
>temp:33.5
>setpoint:30.0
>fan:52
1142,33.3,30.0,49
>temp:33.3
>setpoint:30.0
>fan:49
1143,33.2,30.0,50
>temp:33.2
>setpoint:30.0
>fan:50
1144,33.1,30.0,48
>temp:33.1
>setpoint:30.0
>fan:48
1145,33.0,30.0,47
>temp:33.0
>setpoint:30.0
>fan:47
1146,32.8,30.0,46
>temp:32.8
>setpoint:30.0
>fan:46
1147,32.7,30.0,45
>temp:32.7
>setpoint:30.0
>fan:45
1148,32.6,30.0,43
>temp:32.6
>setpoint:30.0
>fan:43
1149,32.5,30.0,44
>temp:32.5
>setpoint:30.0
>fan:44
1150,32.4,30.0,42
>temp:32.4
>setpoint:30.0
>fan:42
1151,32.3,30.0,41
>temp:32.3
>setpoint:30.0
>fan:41
1152,32.3,30.0,43
>temp:32.3
>setpoint:30.0
>fan:43
1153,32.1,30.0,41
>temp:32.1
>setpoint:30.0
>fan:41
1154,32.0,30.0,39
>temp:32.0
>setpoint:30.0
>fan:39
1155,32.0,30.0,39
>temp:32.0
>setpoint:30.0
>fan:39
1156,31.9,30.0,39
>temp:31.9
>setpoint:30.0
>fan:39
1157,31.8,30.0,39
>temp:31.8
>setpoint:30.0
>fan:39
1158,31.8,30.0,38
>temp:31.8
>setpoint:30.0
>fan:38
1159,31.6,30.0,36
>temp:31.6
>setpoint:30.0
>fan:36
1160,31.6,30.0,36
>temp:31.6
>setpoint:30.0
>fan:36
1161,31.5,30.0,36
>temp:31.5
>setpoint:30.0
>fan:36
1162,31.5,30.0,35
>temp:31.5
>setpoint:30.0
>fan:35
1163,31.4,30.0,35
>temp:31.4
>setpoint:30.0
>fan:35
1164,31.3,30.0,33
>temp:31.3
>setpoint:30.0
>fan:33
1165,31.3,30.0,34
>temp:31.3
>setpoint:30.0
>fan:34
1166,31.2,30.0,33
>temp:31.2
>setpoint:30.0
>fan:33
1167,31.1,30.0,33
>temp:31.1
>setpoint:30.0
>fan:33
1168,31.1,30.0,32
>temp:31.1
>setpoint:30.0
>fan:32
1169,31.0,30.0,32
>temp:31.0
>setpoint:30.0
>fan:32
1170,31.0,30.0,31
>temp:31.0
>setpoint:30.0
>fan:31
1171,31.0,30.0,32
>temp:31.0
>setpoint:30.0
>fan:32
1172,30.9,30.0,31
>temp:30.9
>setpoint:30.0
>fan:31
1173,30.8,30.0,30
>temp:30.8
>setpoint:30.0
>fan:30
1174,30.8,30.0,29
>temp:30.8
>setpoint:30.0
>fan:29
1175,30.7,30.0,29
>temp:30.7
>setpoint:30.0
>fan:29
1176,30.7,30.0,29
>temp:30.7
>setpoint:30.0
>fan:29
1177,30.7,30.0,30
>temp:30.7
>setpoint:30.0
>fan:30
1178,30.6,30.0,29
>temp:30.6
>setpoint:30.0
>fan:29
1179,30.6,30.0,28
>temp:30.6
>setpoint:30.0
>fan:28
1180,30.5,30.0,27
>temp:30.5
>setpoint:30.0
>fan:27
1181,30.5,30.0,26
>temp:30.5
>setpoint:30.0
>fan:26
1182,30.5,30.0,27
>temp:30.5
>setpoint:30.0
>fan:27
1183,30.4,30.0,26
>temp:30.4
>setpoint:30.0
>fan:26
1184,30.4,30.0,27
>temp:30.4
>setpoint:30.0
>fan:27
1185,30.3,30.0,25
>temp:30.3
>setpoint:30.0
>fan:25
1186,30.3,30.0,24
>temp:30.3
>setpoint:30.0
>fan:24
1187,30.3,30.0,25
>temp:30.3
>setpoint:30.0
>fan:25
1188,30.2,30.0,24
>temp:30.2
>setpoint:30.0
>fan:24
1189,30.2,30.0,25
>temp:30.2
>setpoint:30.0
>fan:25
1190,30.1,30.0,23
>temp:30.1
>setpoint:30.0
>fan:23
1191,30.1,30.0,24
>temp:30.1
>setpoint:30.0
>fan:24
1192,30.1,30.0,23
>temp:30.1
>setpoint:30.0
>fan:23
1193,30.1,30.0,23
>temp:30.1
>setpoint:30.0
>fan:23
1194,30.0,30.0,22
>temp:30.0
>setpoint:30.0
>fan:22
1195,30.0,30.0,23
>temp:30.0
>setpoint:30.0
>fan:23
1196,30.0,30.0,23
>temp:30.0
>setpoint:30.0
>fan:23
1197,30.0,30.0,0
>temp:30.0
>setpoint:30.0
>fan:0
1198,30.0,30.0,0
>temp:30.0
>setpoint:30.0
>fan:0
1199,29.9,30.0,0
>temp:29.9
>setpoint:30.0
>fan:0
1200,29.9,30.0,0
>temp:29.9
>setpoint:30.0
>fan:0
1201,29.8,30.0,0
>temp:29.8
>setpoint:30.0
>fan:0
1202,29.8,30.0,0
>temp:29.8
>setpoint:30.0
>fan:0
1203,29.8,30.0,0
>temp:29.8
>setpoint:30.0
>fan:0
1204,29.8,30.0,0
>temp:29.8
>setpoint:30.0
>fan:0
1205,29.8,30.0,0
>temp:29.8
>setpoint:30.0
>fan:0
1206,29.8,30.0,0
>temp:29.8
>setpoint:30.0
>fan:0
1207,29.8,30.0,0
>temp:29.8
>setpoint:30.0
>fan:0
1208,29.8,30.0,0
>temp:29.8
>setpoint:30.0
>fan:0
1209,29.8,30.0,0
>temp:29.8
>setpoint:30.0
>fan:0
1210,29.7,30.0,0
>temp:29.7
>setpoint:30.0
>fan:0
1211,29.7,30.0,0
>temp:29.7
>setpoint:30.0
>fan:0
1212,29.7,30.0,0
>temp:29.7
>setpoint:30.0
>fan:0
1213,29.7,30.0,0
>temp:29.7
>setpoint:30.0
>fan:0
1214,29.7,30.0,0
>temp:29.7
>setpoint:30.0
>fan:0
1215,29.6,30.0,0
>temp:29.6
>setpoint:30.0
>fan:0
1216,29.6,30.0,0
>temp:29.6
>setpoint:30.0
>fan:0
1217,29.6,30.0,0
>temp:29.6
>setpoint:30.0
>fan:0
1218,29.6,30.0,0
>temp:29.6
>setpoint:30.0
>fan:0
1219,29.6,30.0,0
>temp:29.6
>setpoint:30.0
>fan:0
1220,29.6,30.0,0
>temp:29.6
>setpoint:30.0
>fan:0
1221,29.6,30.0,0
>temp:29.6
>setpoint:30.0
>fan:0
1222,29.6,30.0,0
>temp:29.6
>setpoint:30.0
>fan:0
1223,29.6,30.0,0
>temp:29.6
>setpoint:30.0
>fan:0
1224,29.6,30.0,0
>temp:29.6
>setpoint:30.0
>fan:0
1225,29.5,30.0,0
>temp:29.5
>setpoint:30.0
>fan:0
1226,29.5,30.0,0
>temp:29.5
>setpoint:30.0
>fan:0
1227,29.5,30.0,0
>temp:29.5
>setpoint:30.0
>fan:0
1228,29.5,30.0,0
>temp:29.5
>setpoint:30.0
>fan:0
1229,29.5,30.0,0
>temp:29.5
>setpoint:30.0
>fan:0
1230,29.5,30.0,0
>temp:29.5
>setpoint:30.0
>fan:0
1231,29.5,30.0,0
>temp:29.5
>setpoint:30.0
>fan:0
1232,29.5,30.0,0
>temp:29.5
>setpoint:30.0
>fan:0
1233,29.5,30.0,0
>temp:29.5
>setpoint:30.0
>fan:0
1234,29.5,30.0,0
>temp:29.5
>setpoint:30.0
>fan:0
1235,29.4,30.0,0
>temp:29.4
>setpoint:30.0
>fan:0
1236,29.4,30.0,0
>temp:29.4
>setpoint:30.0
>fan:0
1237,29.4,30.0,0
>temp:29.4
>setpoint:30.0
>fan:0
1238,29.4,30.0,0
>temp:29.4
>setpoint:30.0
>fan:0
1239,29.4,30.0,0
>temp:29.4
>setpoint:30.0
>fan:0
1240,29.4,30.0,0
>temp:29.4
>setpoint:30.0
>fan:0
1241,29.4,30.0,0
>temp:29.4
>setpoint:30.0
>fan:0
1242,29.4,30.0,0
>temp:29.4
>setpoint:30.0
>fan:0
1243,29.3,30.0,0
>temp:29.3
>setpoint:30.0
>fan:0
1244,29.3,30.0,0
>temp:29.3
>setpoint:30.0
>fan:0
1245,29.4,30.0,0
>temp:29.4
>setpoint:30.0
>fan:0
1246,29.3,30.0,0
>temp:29.3
>setpoint:30.0
>fan:0
1247,29.3,30.0,0
>temp:29.3
>setpoint:30.0
>fan:0
1248,29.3,30.0,0
>temp:29.3
>setpoint:30.0
>fan:0
1249,29.3,30.0,0
>temp:29.3
>setpoint:30.0
>fan:0
1250,29.3,30.0,0
>temp:29.3
>setpoint:30.0
>fan:0
1251,29.3,30.0,0
>temp:29.3
>setpoint:30.0
>fan:0
1252,29.3,30.0,0
>temp:29.3
>setpoint:30.0
>fan:0
1253,29.3,30.0,0
>temp:29.3
>setpoint:30.0
>fan:0
1254,29.3,30.0,0
>temp:29.3
>setpoint:30.0
>fan:0
1255,29.3,30.0,0
>temp:29.3
>setpoint:30.0
>fan:0
1256,29.3,30.0,0
>temp:29.3
>setpoint:30.0
>fan:0
1257,29.3,30.0,0
>temp:29.3
>setpoint:30.0
>fan:0
1258,29.3,30.0,0
>temp:29.3
>setpoint:30.0
>fan:0
1259,29.2,30.0,0
>temp:29.2
>setpoint:30.0
>fan:0
1260,29.2,30.0,0
>temp:29.2
>setpoint:30.0
>fan:0
1261,29.2,30.0,0
>temp:29.2
>setpoint:30.0
>fan:0
1262,29.2,30.0,0
>temp:29.2
>setpoint:30.0
>fan:0
1263,29.2,30.0,0
>temp:29.2
>setpoint:30.0
>fan:0
1264,29.2,30.0,0
>temp:29.2
>setpoint:30.0
>fan:0
1265,29.2,30.0,0
>temp:29.2
>setpoint:30.0
>fan:0
1266,29.1,30.0,0
>temp:29.1
>setpoint:30.0
>fan:0
1267,29.2,30.0,0
>temp:29.2
>setpoint:30.0
>fan:0
1268,29.2,30.0,0
>temp:29.2
>setpoint:30.0
>fan:0
1269,29.2,30.0,0
>temp:29.2
>setpoint:30.0
>fan:0
1270,29.1,30.0,0
>temp:29.1
>setpoint:30.0
>fan:0
1271,29.1,30.0,0
>temp:29.1
>setpoint:30.0
>fan:0
1272,29.1,30.0,0
>temp:29.1
>setpoint:30.0
>fan:0
1273,29.1,30.0,0
>temp:29.1
>setpoint:30.0
>fan:0
1274,29.1,30.0,0
>temp:29.1
>setpoint:30.0
>fan:0
1275,29.1,30.0,0
>temp:29.1
>setpoint:30.0
>fan:0
1276,29.1,30.0,0
>temp:29.1
>setpoint:30.0
>fan:0
1277,29.1,30.0,0
>temp:29.1
>setpoint:30.0
>fan:0
1278,29.1,30.0,0
>temp:29.1
>setpoint:30.0
>fan:0
1279,29.1,30.0,0
>temp:29.1
>setpoint:30.0
>fan:0
1280,29.1,30.0,0
>temp:29.1
>setpoint:30.0
>fan:0
1281,29.1,30.0,0
>temp:29.1
>setpoint:30.0
>fan:0
1282,29.1,30.0,0
>temp:29.1
>setpoint:30.0
>fan:0
1283,29.0,30.0,0
>temp:29.0
>setpoint:30.0
>fan:0
1284,29.1,30.0,0
>temp:29.1
>setpoint:30.0
>fan:0
1285,29.0,30.0,0
>temp:29.0
>setpoint:30.0
>fan:0
1286,29.0,30.0,0
>temp:29.0
>setpoint:30.0
>fan:0